Sep 17 04:20:31.227 INFO: manager: 1.2.2
Sep 17 04:20:31.227 INFO: manager: Copyright (C) 2003-2020, Noriaki Ando and OpenRTM development team,
Sep 17 04:20:31.227 INFO: manager:   Intelligent Systems Research Institute, AIST,
Sep 17 04:20:31.227 INFO: manager: Copyright (C) 2020, Noriaki Ando and OpenRTM development team,
Sep 17 04:20:31.227 INFO: manager:   Industrial Cyber-Physical Research Center, AIST,
Sep 17 04:20:31.227 INFO: manager:   All right reserved.
Sep 17 04:20:31.227 INFO: manager: Manager starting.
Sep 17 04:20:31.227 INFO: manager: Starting local logging.
Sep 17 04:20:31.230 WARNING: NamingOnCorba: No endpoint for the CORBA naming service (localhost) was found.
Sep 17 04:20:31.230 INFO: NamingManager: NameServer connection succeeded: corba/localhost
Sep 17 04:20:31.230 INFO: ManagerServant: Named manager reference (INS) was successfully created.
Sep 17 04:20:31.230 WARNING: ManagerServant: Master manager not found
Sep 17 04:20:31.230 INFO: LocalServiceAdmin: All the local services are enabled.
Sep 17 04:20:31.231 INFO: ec_base: setRate(1000000.000000) done
Sep 17 04:20:31.231 INFO: ec_base: setRate(1000.000000) done
Sep 17 04:20:31.231 INFO: HumanProtection0: 1 execution context was created.
Sep 17 04:20:31.231 INFO: HumanProtection0: Initial active configuration set is default.
Sep 17 04:20:41.244 INFO: ManagerServant: Master manager not found
Sep 17 04:20:51.265 INFO: ManagerServant: Master manager not found
Sep 17 04:21:01.293 INFO: ManagerServant: Master manager not found
Sep 17 04:21:11.320 INFO: ManagerServant: Master manager not found
Sep 17 04:21:21.349 INFO: ManagerServant: Master manager not found
Sep 17 04:21:31.372 INFO: ManagerServant: Master manager not found
Sep 17 04:21:38.281 WARNING: SdoServiceAdmin: No available SDO service in the factory: 
Sep 17 04:21:41.394 INFO: ManagerServant: Master manager not found
Sep 17 04:21:51.417 INFO: ManagerServant: Master manager not found
Sep 17 04:22:01.443 INFO: ManagerServant: Master manager not found
Sep 17 04:22:11.468 INFO: ManagerServant: Master manager not found
Sep 17 04:22:21.487 INFO: ManagerServant: Master manager not found
Sep 17 04:22:31.506 INFO: ManagerServant: Master manager not found
Sep 17 04:22:41.523 INFO: ManagerServant: Master manager not found
Sep 17 04:22:51.544 INFO: ManagerServant: Master manager not found
Sep 17 04:23:01.563 INFO: ManagerServant: Master manager not found
Sep 17 04:23:11.581 INFO: ManagerServant: Master manager not found
Sep 17 04:23:21.600 INFO: ManagerServant: Master manager not found
Sep 17 04:23:31.618 INFO: ManagerServant: Master manager not found
Sep 17 04:23:41.637 INFO: ManagerServant: Master manager not found
Sep 17 04:23:51.653 INFO: ManagerServant: Master manager not found
Sep 17 04:24:01.670 INFO: ManagerServant: Master manager not found
Sep 17 04:24:11.688 INFO: ManagerServant: Master manager not found
Sep 17 04:24:21.705 INFO: ManagerServant: Master manager not found
Sep 17 04:24:31.724 INFO: ManagerServant: Master manager not found
Sep 17 04:24:41.745 INFO: ManagerServant: Master manager not found
Sep 17 04:24:51.759 INFO: ManagerServant: Master manager not found
Sep 17 04:25:01.771 INFO: ManagerServant: Master manager not found
Sep 17 04:25:11.793 INFO: ManagerServant: Master manager not found
Sep 17 04:25:21.815 INFO: ManagerServant: Master manager not found
Sep 17 04:25:31.827 INFO: ManagerServant: Master manager not found
Sep 17 04:25:41.840 INFO: ManagerServant: Master manager not found
Sep 17 04:25:45.742 WARNING: ec_worker: ExecutionContext is already stopped.
Sep 17 04:25:45.742 ERROR: ec_base: Invoking on_shutdown() for each RTC failed.
