Sep 15 08:57:10.749 INFO: manager: 1.2.2
Sep 15 08:57:10.749 INFO: manager: Copyright (C) 2003-2020, Noriaki Ando and OpenRTM development team,
Sep 15 08:57:10.749 INFO: manager:   Intelligent Systems Research Institute, AIST,
Sep 15 08:57:10.749 INFO: manager: Copyright (C) 2020, Noriaki Ando and OpenRTM development team,
Sep 15 08:57:10.749 INFO: manager:   Industrial Cyber-Physical Research Center, AIST,
Sep 15 08:57:10.749 INFO: manager:   All right reserved.
Sep 15 08:57:10.749 INFO: manager: Manager starting.
Sep 15 08:57:10.749 INFO: manager: Starting local logging.
Sep 15 08:57:10.752 WARNING: NamingOnCorba: No endpoint for the CORBA naming service (localhost) was found.
Sep 15 08:57:10.752 INFO: NamingManager: NameServer connection succeeded: corba/localhost
Sep 15 08:57:10.752 INFO: ManagerServant: Named manager reference (INS) was successfully created.
Sep 15 08:57:10.752 WARNING: ManagerServant: Master manager not found
Sep 15 08:57:10.752 INFO: LocalServiceAdmin: All the local services are enabled.
Sep 15 08:57:10.753 INFO: ec_base: setRate(1000000.000000) done
Sep 15 08:57:10.753 INFO: ec_base: setRate(1000.000000) done
Sep 15 08:57:10.753 INFO: HumanProtection0: 1 execution context was created.
Sep 15 08:57:10.753 INFO: HumanProtection0: Initial active configuration set is default.
Sep 15 08:57:20.776 INFO: ManagerServant: Master manager not found
Sep 15 08:57:30.802 INFO: ManagerServant: Master manager not found
Sep 15 08:57:40.829 INFO: ManagerServant: Master manager not found
Sep 15 08:57:50.855 INFO: ManagerServant: Master manager not found
Sep 15 08:58:00.880 INFO: ManagerServant: Master manager not found
Sep 15 08:58:10.903 INFO: ManagerServant: Master manager not found
Sep 15 08:58:20.923 INFO: ManagerServant: Master manager not found
Sep 15 08:58:30.943 INFO: ManagerServant: Master manager not found
Sep 15 08:58:40.969 INFO: ManagerServant: Master manager not found
Sep 15 08:58:44.263 WARNING: SdoServiceAdmin: No available SDO service in the factory: 
Sep 15 08:58:50.990 INFO: ManagerServant: Master manager not found
Sep 15 08:59:01.014 INFO: ManagerServant: Master manager not found
Sep 15 08:59:11.035 INFO: ManagerServant: Master manager not found
Sep 15 08:59:21.055 INFO: ManagerServant: Master manager not found
Sep 15 08:59:31.076 INFO: ManagerServant: Master manager not found
Sep 15 08:59:41.097 INFO: ManagerServant: Master manager not found
Sep 15 08:59:51.118 INFO: ManagerServant: Master manager not found
Sep 15 09:00:01.139 INFO: ManagerServant: Master manager not found
Sep 15 09:00:11.160 INFO: ManagerServant: Master manager not found
Sep 15 09:00:21.181 INFO: ManagerServant: Master manager not found
Sep 15 09:00:31.200 INFO: ManagerServant: Master manager not found
Sep 15 09:00:41.220 INFO: ManagerServant: Master manager not found
Sep 15 09:00:51.241 INFO: ManagerServant: Master manager not found
Sep 15 09:01:01.259 INFO: ManagerServant: Master manager not found
Sep 15 09:01:11.279 INFO: ManagerServant: Master manager not found
Sep 15 09:01:21.297 INFO: ManagerServant: Master manager not found
Sep 15 09:01:31.316 INFO: ManagerServant: Master manager not found
Sep 15 09:01:41.335 INFO: ManagerServant: Master manager not found
Sep 15 09:01:51.353 INFO: ManagerServant: Master manager not found
Sep 15 09:02:01.372 INFO: ManagerServant: Master manager not found
Sep 15 09:02:11.389 INFO: ManagerServant: Master manager not found
Sep 15 09:02:21.408 INFO: ManagerServant: Master manager not found
Sep 15 09:02:31.427 INFO: ManagerServant: Master manager not found
Sep 15 09:02:41.445 INFO: ManagerServant: Master manager not found
Sep 15 09:02:51.463 INFO: ManagerServant: Master manager not found
Sep 15 09:03:01.482 INFO: ManagerServant: Master manager not found
Sep 15 09:03:11.502 INFO: ManagerServant: Master manager not found
Sep 15 09:03:21.518 INFO: ManagerServant: Master manager not found
Sep 15 09:03:31.538 INFO: ManagerServant: Master manager not found
Sep 15 09:03:41.558 INFO: ManagerServant: Master manager not found
Sep 15 09:03:51.578 INFO: ManagerServant: Master manager not found
Sep 15 09:04:01.599 INFO: ManagerServant: Master manager not found
Sep 15 09:04:11.620 INFO: ManagerServant: Master manager not found
Sep 15 09:04:21.641 INFO: ManagerServant: Master manager not found
Sep 15 09:04:31.661 INFO: ManagerServant: Master manager not found
Sep 15 09:04:41.683 INFO: ManagerServant: Master manager not found
Sep 15 09:04:51.705 INFO: ManagerServant: Master manager not found
Sep 15 09:05:01.726 INFO: ManagerServant: Master manager not found
Sep 15 09:05:11.748 INFO: ManagerServant: Master manager not found
Sep 15 09:05:21.769 INFO: ManagerServant: Master manager not found
Sep 15 09:05:31.790 INFO: ManagerServant: Master manager not found
Sep 15 09:05:41.811 INFO: ManagerServant: Master manager not found
Sep 15 09:05:51.831 INFO: ManagerServant: Master manager not found
Sep 15 09:06:01.852 INFO: ManagerServant: Master manager not found
Sep 15 09:06:11.872 INFO: ManagerServant: Master manager not found
Sep 15 09:06:21.891 INFO: ManagerServant: Master manager not found
Sep 15 09:06:31.909 INFO: ManagerServant: Master manager not found
Sep 15 09:06:35.922 ERROR: ec_worker: State of the RTC is not ACTIVE_STATE.
Sep 15 09:06:41.931 INFO: ManagerServant: Master manager not found
Sep 15 09:06:44.853 ERROR: ec_worker: State of the RTC is not ACTIVE_STATE.
Sep 15 09:06:44.884 WARNING: ec_worker: ExecutionContext is already stopped.
Sep 15 09:06:44.884 ERROR: ec_base: Invoking on_shutdown() for each RTC failed.
