Sep 15 09:16:02.759 INFO: manager: 1.2.2
Sep 15 09:16:02.759 INFO: manager: Copyright (C) 2003-2020, Noriaki Ando and OpenRTM development team,
Sep 15 09:16:02.759 INFO: manager:   Intelligent Systems Research Institute, AIST,
Sep 15 09:16:02.759 INFO: manager: Copyright (C) 2020, Noriaki Ando and OpenRTM development team,
Sep 15 09:16:02.759 INFO: manager:   Industrial Cyber-Physical Research Center, AIST,
Sep 15 09:16:02.759 INFO: manager:   All right reserved.
Sep 15 09:16:02.759 INFO: manager: Manager starting.
Sep 15 09:16:02.759 INFO: manager: Starting local logging.
Sep 15 09:16:02.762 WARNING: NamingOnCorba: No endpoint for the CORBA naming service (localhost) was found.
Sep 15 09:16:02.762 INFO: NamingManager: NameServer connection succeeded: corba/localhost
Sep 15 09:16:02.762 INFO: ManagerServant: Named manager reference (INS) was successfully created.
Sep 15 09:16:02.762 WARNING: ManagerServant: Master manager not found
Sep 15 09:16:02.762 INFO: LocalServiceAdmin: All the local services are enabled.
Sep 15 09:16:02.763 INFO: ec_base: setRate(1000000.000000) done
Sep 15 09:16:02.763 INFO: ec_base: setRate(1000.000000) done
Sep 15 09:16:02.763 INFO: HumanProtection0: 1 execution context was created.
Sep 15 09:16:02.763 INFO: HumanProtection0: Initial active configuration set is default.
Sep 15 09:16:12.786 INFO: ManagerServant: Master manager not found
Sep 15 09:16:22.808 INFO: ManagerServant: Master manager not found
Sep 15 09:16:32.833 INFO: ManagerServant: Master manager not found
Sep 15 09:16:42.858 INFO: ManagerServant: Master manager not found
Sep 15 09:16:52.884 INFO: ManagerServant: Master manager not found
Sep 15 09:16:56.404 WARNING: SdoServiceAdmin: No available SDO service in the factory: 
Sep 15 09:17:02.905 INFO: ManagerServant: Master manager not found
Sep 15 09:17:12.927 INFO: ManagerServant: Master manager not found
Sep 15 09:17:22.947 INFO: ManagerServant: Master manager not found
Sep 15 09:17:32.967 INFO: ManagerServant: Master manager not found
Sep 15 09:17:42.987 INFO: ManagerServant: Master manager not found
Sep 15 09:17:53.007 INFO: ManagerServant: Master manager not found
Sep 15 09:18:03.031 INFO: ManagerServant: Master manager not found
Sep 15 09:18:13.050 INFO: ManagerServant: Master manager not found
Sep 15 09:18:18.167 ERROR: ec_worker: State of the RTC is not ACTIVE_STATE.
Sep 15 09:18:18.176 WARNING: ec_worker: ExecutionContext is already stopped.
Sep 15 09:18:18.176 ERROR: ec_base: Invoking on_shutdown() for each RTC failed.
