Nov 24 12:55:40.672 INFO: manager: 1.2.2
Nov 24 12:55:40.672 INFO: manager: Copyright (C) 2003-2020, Noriaki Ando and OpenRTM development team,
Nov 24 12:55:40.672 INFO: manager:   Intelligent Systems Research Institute, AIST,
Nov 24 12:55:40.672 INFO: manager: Copyright (C) 2020, Noriaki Ando and OpenRTM development team,
Nov 24 12:55:40.672 INFO: manager:   Industrial Cyber-Physical Research Center, AIST,
Nov 24 12:55:40.672 INFO: manager:   All right reserved.
Nov 24 12:55:40.672 INFO: manager: Manager starting.
Nov 24 12:55:40.672 INFO: manager: Starting local logging.
Nov 24 12:55:40.675 INFO: NamingManager: NameServer connection failed: corba/localhost
Nov 24 12:55:40.677 INFO: ManagerServant: Named manager reference (INS) was successfully created.
Nov 24 12:55:40.678 WARNING: ManagerServant: Master manager not found
Nov 24 12:55:40.678 INFO: LocalServiceAdmin: All the local services are enabled.
Nov 24 12:55:40.681 INFO: ec_base: setRate(1000000.000000) done
Nov 24 12:55:40.681 INFO: ec_base: setRate(1000.000000) done
Nov 24 12:55:40.681 INFO: HumanProtection0: 1 execution context was created.
Nov 24 12:55:40.681 INFO: HumanProtection0: Initial active configuration set is default.
Nov 24 12:55:50.695 INFO: NamingManager: NameServer connection failed: corba/localhost
Nov 24 12:55:50.696 INFO: ManagerServant: Master manager not found
Nov 24 12:56:00.723 INFO: NamingManager: NameServer connection failed: corba/localhost
Nov 24 12:56:00.724 INFO: ManagerServant: Master manager not found
Nov 24 12:56:10.751 INFO: NamingManager: NameServer connection failed: corba/localhost
Nov 24 12:56:10.752 INFO: ManagerServant: Master manager not found
Nov 24 12:56:20.778 INFO: NamingManager: NameServer connection failed: corba/localhost
Nov 24 12:56:20.779 INFO: ManagerServant: Master manager not found
Nov 24 12:56:30.803 INFO: NamingManager: NameServer connection failed: corba/localhost
Nov 24 12:56:30.804 INFO: ManagerServant: Master manager not found
Nov 24 12:56:40.821 INFO: NamingManager: NameServer connection failed: corba/localhost
Nov 24 12:56:40.823 INFO: ManagerServant: Master manager not found
Nov 24 12:56:50.842 INFO: NamingManager: NameServer connection failed: corba/localhost
Nov 24 12:56:50.843 INFO: ManagerServant: Master manager not found
Nov 24 12:57:00.867 INFO: NamingManager: NameServer connection failed: corba/localhost
Nov 24 12:57:10.893 INFO: NamingManager: NameServer connection failed: corba/localhost
Nov 24 12:57:20.919 INFO: NamingManager: NameServer connection failed: corba/localhost
Nov 24 12:57:30.944 INFO: NamingManager: NameServer connection failed: corba/localhost
Nov 24 12:57:40.968 INFO: NamingManager: NameServer connection failed: corba/localhost
Nov 24 12:57:50.993 INFO: NamingManager: NameServer connection failed: corba/localhost
Nov 24 12:58:01.016 INFO: NamingManager: NameServer connection failed: corba/localhost
Nov 24 12:58:11.035 INFO: NamingManager: NameServer connection failed: corba/localhost
Nov 24 12:58:21.058 INFO: NamingManager: NameServer connection failed: corba/localhost
Nov 24 12:58:31.084 INFO: NamingManager: NameServer connection failed: corba/localhost
Nov 24 12:58:41.112 INFO: NamingManager: NameServer connection failed: corba/localhost
Nov 24 12:58:51.139 INFO: NamingManager: NameServer connection failed: corba/localhost
Nov 24 12:59:01.166 INFO: NamingManager: NameServer connection failed: corba/localhost
Nov 24 12:59:11.194 INFO: NamingManager: NameServer connection failed: corba/localhost
Nov 24 12:59:21.221 INFO: NamingManager: NameServer connection failed: corba/localhost
Nov 24 12:59:31.248 INFO: NamingManager: NameServer connection failed: corba/localhost
Nov 24 12:59:41.276 INFO: NamingManager: NameServer connection failed: corba/localhost
Nov 24 12:59:51.302 INFO: NamingManager: NameServer connection failed: corba/localhost
Nov 24 13:00:01.325 INFO: NamingManager: NameServer connection failed: corba/localhost
Nov 24 13:00:11.348 INFO: NamingManager: NameServer connection failed: corba/localhost
Nov 24 13:00:21.372 INFO: NamingManager: NameServer connection failed: corba/localhost
Nov 24 13:00:31.394 INFO: NamingManager: NameServer connection failed: corba/localhost
Nov 24 13:00:41.417 INFO: NamingManager: NameServer connection failed: corba/localhost
Nov 24 13:00:51.436 INFO: NamingManager: NameServer connection failed: corba/localhost
Nov 24 13:01:01.459 INFO: NamingManager: NameServer connection failed: corba/localhost
Nov 24 13:01:11.484 INFO: NamingManager: NameServer connection failed: corba/localhost
Nov 24 13:01:21.506 INFO: NamingManager: NameServer connection failed: corba/localhost
Nov 24 13:01:31.527 INFO: NamingManager: NameServer connection failed: corba/localhost
Nov 24 13:01:41.546 INFO: NamingManager: NameServer connection failed: corba/localhost
Nov 24 13:01:51.564 INFO: NamingManager: NameServer connection failed: corba/localhost
Nov 24 13:02:01.582 INFO: NamingManager: NameServer connection failed: corba/localhost
Nov 24 13:02:11.600 INFO: NamingManager: NameServer connection failed: corba/localhost
Nov 24 13:02:21.618 INFO: NamingManager: NameServer connection failed: corba/localhost
Nov 24 13:02:31.638 INFO: NamingManager: NameServer connection failed: corba/localhost
Nov 24 13:02:35.019 ERROR: ec_worker: State of the RTC is not ACTIVE_STATE.
Nov 24 13:02:35.020 WARNING: ec_worker: ExecutionContext is already stopped.
Nov 24 13:02:35.020 ERROR: ec_base: Invoking on_shutdown() for each RTC failed.
